Mono path[0] = '/Users/ndw_mac/AppDevelopment/pono-asobiba-app/unity/PonoMarbleRun3D/Builds/macOS/PonoMarbleRun.app/Contents/Resources/Data/Managed'
Mono config path = '/Users/ndw_mac/AppDevelopment/pono-asobiba-app/unity/PonoMarbleRun3D/Builds/macOS/PonoMarbleRun.app/Contents/MonoBleedingEdge/etc'
Input System module state changed to: Initialized.
[Physics::Module] Initialized fallback backend.
[Physics::Module] Id: 0xdecafbad
Initialize engine version: 6000.3.19f1 (7689f4515d75)
[Subsystems] Discovering subsystems at path /Users/ndw_mac/AppDevelopment/pono-asobiba-app/unity/PonoMarbleRun3D/Builds/macOS/PonoMarbleRun.app/Contents/Resources/Data/UnitySubsystems
GfxDevice: creating device client; kGfxThreadingModeThreaded
 preferred device: Apple M4 Pro (high power)
Metal devices available: 1
0: Apple M4 Pro (high power)
Using device Apple M4 Pro (high power)
Initializing Metal device caps: Apple M4 Pro
Mac GPU Family: 2
Apple GPU Family: 9
MSL Version: 3.0
Has Float MSAA: 1
Has Float Filtering: 1
ReadWrite Texture Tier: 2
Begin MonoManager ReloadAssembly
- Loaded All Assemblies, in  0.056 seconds
- Finished resetting the current domain, in  0.001 seconds
[Physics::Module] Selected backend.
[Physics::Module] Name: PhysX
[Physics::Module] Id: 0xf2b8ea05
[Physics::Module] SDK Version: 4.1.2
[Physics::Module] Integration Version: 1.0.0
[Physics::Module] Threading Mode: Multi-Threaded
UnloadTime: 0.432875 ms
ArgumentNullException: Value cannot be null.
Parameter name: shader
  at UnityEngine.Bindings.ThrowHelper.ThrowArgumentNullException (System.Object obj, System.String parameterName) [0x00018] in <4ba3edbf991d47b68a9d766e9e7fca63>:0 
  at UnityEngine.Material.CreateWithShader (UnityEngine.Material self, UnityEngine.Shader shader) [0x00003] in <4ba3edbf991d47b68a9d766e9e7fca63>:0 
  at UnityEngine.Material..ctor (UnityEngine.Shader shader) [0x00008] in <4ba3edbf991d47b68a9d766e9e7fca63>:0 
  at Pono.MarbleRun3D.Gameplay.ToyMaterialLibrary.Make (System.String name, UnityEngine.Color color, System.Single smoothness, System.Boolean emission, System.Single metallic) [0x00018] in <26107f86889c46e5894eeef1f68f42b7>:0 
  at Pono.MarbleRun3D.Gameplay.ToyMaterialLibrary..ctor () [0x00037] in <26107f86889c46e5894eeef1f68f42b7>:0 
  at Pono.MarbleRun3D.Gameplay.MarbleRunGameController.Awake () [0x0000c] in <26107f86889c46e5894eeef1f68f42b7>:0 
UnityEngine.GameObject:Internal_AddComponentWithType_Injected(IntPtr, Type)
UnityEngine.GameObject:Internal_AddComponentWithType(Type)
UnityEngine.GameObject:AddComponent(Type)
UnityEngine.GameObject:AddComponent()
Pono.MarbleRun3D.Bootstrap.MarbleRunBootstrap:Awake()

Thread 0x17201f000 may have been prematurely finalized
[Physics::Module] Cleanup current backend.
[Physics::Module] Id: 0xf2b8ea05
Input System module state changed to: ShutdownInProgress.
Input System polling thread exited.
Input System module state changed to: Shutdown.
Thread 0x170a7f000 may have been prematurely finalized
